[12:45:13] [Server thread/INFO]: Starting minecraft server version 1.12.2
[12:45:13] [Server thread/INFO]: Loading properties
[12:45:13] [Server thread/INFO]: Default game type: SURVIVAL
[12:45:13] [Server thread/INFO]: This server is running Paper version git-Paper-1620 (MC: 1.12.2) (Implementing API version 1.12.2-R0.1-SNAPSHOT)
[12:45:13] [Server thread/INFO]: Debug logging is disabled
[12:45:13] [Server thread/INFO]: Server Ping Player Sample Count: 12
[12:45:13] [Server thread/INFO]: Using 4 threads for Netty based IO
[12:45:13] [Server thread/INFO]: Generating keypair
[12:45:14] [Server thread/INFO]: Starting Minecraft server on *:25566
[12:45:14] [Server thread/INFO]: Using epoll channel type
[12:45:14] [Server thread/ERROR]: Could not load 'plugins/orebfuscator-plugin-5.5.0.jar' in folder 'plugins'
org.bukkit.plugin.UnknownDependencyException: ProtocolLib
	at org.bukkit.plugin.SimplePluginManager.loadPlugins(SimplePluginManager.java:218) ~[patched_1.12.2.jar:git-Paper-1620]
	at org.bukkit.craftbukkit.v1_12_R1.CraftServer.loadPlugins(CraftServer.java:318) ~[patched_1.12.2.jar:git-Paper-1620]
	at net.minecraft.server.v1_12_R1.DedicatedServer.init(DedicatedServer.java:222) ~[patched_1.12.2.jar:git-Paper-1620]
	at net.minecraft.server.v1_12_R1.MinecraftServer.run(MinecraftServer.java:616) ~[patched_1.12.2.jar:git-Paper-1620]
	at java.lang.Thread.run(Thread.java:1583) [?:?]
[12:45:14] [Server thread/INFO]: Set PluginClassLoader as parallel capable
[12:45:14] [Server thread/INFO]: [LuckPerms] Loading LuckPerms v5.4.131
[12:45:16] [Server thread/INFO]: [InventoryFullPlus] Loading InventoryFullPlus v1.0.0
[12:45:16] [Server thread/INFO]: [InventoryTracker] Loading InventoryTracker v1.0.5
[12:45:16] [Server thread/INFO]: [Minepacks] Loading Minepacks v2.4.31.3-T20240619115850
[12:45:16] [Server thread/INFO]: [Minepacks] PCGF-PluginLib not installed. Switching to standalone mode!
[12:45:16] [Server thread/INFO]: [PlayerPoints] Loading PlayerPoints v3.2.7
[12:45:16] [Server thread/INFO]: [PlayerPoints] Initializing using RoseGarden v1.3.0.36-DEV-SNAPSHOT
[12:45:17] [Server thread/INFO]: [GrimAC] Loading GrimAC v2.3.64
[12:45:17] [Server thread/INFO]: [GrimAC] Loading PacketEvents...
[12:45:20] [Server thread/INFO]: [EconomyShopGUI] Loading EconomyShopGUI v6.7.3
[12:45:20] [Server thread/INFO]: Server permissions file permissions.yml is empty, ignoring it
[12:45:20] [Server thread/INFO]: [LuckPerms] Enabling LuckPerms v5.4.131
[12:45:21] [Server thread/INFO]:         __    
[12:45:21] [Server thread/INFO]:   |    |__)   LuckPerms v5.4.131
[12:45:21] [Server thread/INFO]:   |___ |      Running on Bukkit - Paper
[12:45:21] [Server thread/INFO]: 
[12:45:21] [Server thread/INFO]: [LuckPerms] Loading configuration...
[12:45:21] [Server thread/INFO]: [LuckPerms] Loading storage provider... [H2]
[12:45:22] [Server thread/INFO]: [LuckPerms] Loading internal permission managers...
